Using pre-set license
Built from '2022.1/staging' branch; Version is '2022.1.23f1 (9636b062134a) revision 9844400'; Using compiler version '192829333'; Build Type 'Release'
OS: 'Windows 10  (10.0.19044) 64bit Professional' Language: 'ru' Physical Memory: 16254 MB
BatchMode: 1, IsHumanControllingUs: 0, StartBugReporterOnCrash: 0, Is64bit: 1, IsPro: 1

COMMAND LINE ARGUMENTS:
C:\Program Files\Unity\Hub\Editor\Unity 2022.1.23f1\Editor\Unity.exe
-adb2
-batchMode
-noUpm
-name
AssetImportWorker3
-projectPath
D:/mult/multimetr
-logFile
Logs/AssetImportWorker3.log
-srvPort
58686
Successfully changed project path to: D:/mult/multimetr
D:/mult/multimetr
[UnityMemory] Configuration Parameters - Can be set up in boot.config
    "memorysetup-bucket-allocator-granularity=16"
    "memorysetup-bucket-allocator-bucket-count=8"
    "memorysetup-bucket-allocator-block-size=33554432"
    "memorysetup-bucket-allocator-block-count=8"
    "memorysetup-main-allocator-block-size=16777216"
    "memorysetup-thread-allocator-block-size=16777216"
    "memorysetup-gfx-main-allocator-block-size=16777216"
    "memorysetup-gfx-thread-allocator-block-size=16777216"
    "memorysetup-cache-allocator-block-size=4194304"
    "memorysetup-typetree-allocator-block-size=2097152"
    "memorysetup-profiler-bucket-allocator-granularity=16"
    "memorysetup-profiler-bucket-allocator-bucket-count=8"
    "memorysetup-profiler-bucket-allocator-block-size=33554432"
    "memorysetup-profiler-bucket-allocator-block-count=8"
    "memorysetup-profiler-allocator-block-size=16777216"
    "memorysetup-profiler-editor-allocator-block-size=1048576"
    "memorysetup-temp-allocator-size-main=16777216"
    "memorysetup-job-temp-allocator-block-size=2097152"
    "memorysetup-job-temp-allocator-block-size-background=1048576"
    "memorysetup-job-temp-allocator-reduction-small-platforms=262144"
    "memorysetup-temp-allocator-size-background-worker=32768"
    "memorysetup-temp-allocator-size-job-worker=262144"
    "memorysetup-temp-allocator-size-preload-manager=33554432"
    "memorysetup-temp-allocator-size-nav-mesh-worker=65536"
    "memorysetup-temp-allocator-size-audio-worker=65536"
    "memorysetup-temp-allocator-size-cloud-worker=32768"
    "memorysetup-temp-allocator-size-gi-baking-worker=262144"
    "memorysetup-temp-allocator-size-gfx=262144"
Refreshing native plugins compatible for Editor in 129.13 ms, found 3 plugins.
Preloading 0 native plugins for Editor in 0.00 ms.
Initialize engine version: 2022.1.23f1 (9636b062134a)
[Subsystems] Discovering subsystems at path C:/Program Files/Unity/Hub/Editor/Unity 2022.1.23f1/Editor/Data/Resources/UnitySubsystems
[Subsystems] Discovering subsystems at path D:/mult/multimetr/Assets
GfxDevice: creating device client; threaded=0; jobified=0
Direct3D:
    Version:  Direct3D 11.0 [level 11.1]
    Renderer: NVIDIA GeForce GTX 1650 (ID=0x1f82)
    Vendor:   NVIDIA
    VRAM:     3962 MB
    Driver:   30.0.14.7239
Initialize mono
Mono path[0] = 'C:/Program Files/Unity/Hub/Editor/Unity 2022.1.23f1/Editor/Data/Managed'
Mono path[1] = 'C:/Program Files/Unity/Hub/Editor/Unity 2022.1.23f1/Editor/Data/MonoBleedingEdge/lib/mono/unityjit-win32'
Mono config path = 'C:/Program Files/Unity/Hub/Editor/Unity 2022.1.23f1/Editor/Data/MonoBleedingEdge/etc'
Using monoOptions --debugger-agent=transport=dt_socket,embedding=1,server=y,suspend=n,address=127.0.0.1:56736
Begin MonoManager ReloadAssembly
Registering precompiled unity dll's ...
Register platform support module: C:/Program Files/Unity/Hub/Editor/Unity 2022.1.23f1/Editor/Data/PlaybackEngines/WindowsStandaloneSupport/UnityEditor.WindowsStandalone.Extensions.dll
Registered in 0.011586 seconds.
Native extension for WindowsStandalone target not found
Refreshing native plugins compatible for Editor in 121.22 ms, found 3 plugins.
Preloading 0 native plugins for Editor in 0.00 ms.
Mono: successfully reloaded assembly
- Completed reload, in  0.803 seconds
Domain Reload Profiling:
	ReloadAssembly (803ms)
		BeginReloadAssembly (85ms)
			ExecutionOrderSort (0ms)
			DisableScriptedObjects (0ms)
			BackupInstance (0ms)
			ReleaseScriptingObjects (0ms)
			CreateAndSetChildDomain (1ms)
		EndReloadAssembly (594ms)
			LoadAssemblies (82ms)
			RebuildTransferFunctionScriptingTraits (0ms)
			SetupTypeCache (113ms)
				TypeCache.Initialize (112ms)
					TypeCache.ScanAssembly (111ms)
				ResolveRequiredComponents (1ms)
			ReleaseScriptCaches (0ms)
			RebuildScriptCaches (28ms)
			SetupLoadedEditorAssemblies (396ms)
				LogAssemblyErrors (0ms)
				InitializePlatformSupportModulesInManaged (9ms)
				SetLoadedEditorAssemblies (7ms)
				RefreshPlugins (121ms)
				BeforeProcessingInitializeOnLoad (1ms)
				ProcessInitializeOnLoadAttributes (130ms)
				ProcessInitializeOnLoadMethodAttributes (128ms)
				AfterProcessingInitializeOnLoad (0ms)
				EditorAssembliesLoaded (0ms)
			ExecutionOrderSort2 (0ms)
			AwakeInstancesAfterBackupRestoration (0ms)
Platform modules already initialized, skipping
Registering precompiled user dll's ...
Registered in 0.004823 seconds.
Begin MonoManager ReloadAssembly
Symbol file LoadedFromMemory doesn't match image D:\mult\multimetr\Library\PackageCache\com.unity.visualscripting@1.7.8\Editor\VisualScripting.Core\Dependencies\YamlDotNet\Unity.VisualScripting.YamlDotNet.dll
Symbol file LoadedFromMemory doesn't match image D:\mult\multimetr\Library\PackageCache\com.unity.visualscripting@1.7.8\Editor\VisualScripting.Core\Dependencies\DotNetZip\Unity.VisualScripting.IonicZip.dll
Native extension for WindowsStandalone target not found
Refreshing native plugins compatible for Editor in 122.05 ms, found 3 plugins.
Preloading 0 native plugins for Editor in 0.00 ms.
Mono: successfully reloaded assembly
- Completed reload, in  1.729 seconds
Domain Reload Profiling:
	ReloadAssembly (1730ms)
		BeginReloadAssembly (124ms)
			ExecutionOrderSort (0ms)
			DisableScriptedObjects (6ms)
			BackupInstance (0ms)
			ReleaseScriptingObjects (0ms)
			CreateAndSetChildDomain (19ms)
		EndReloadAssembly (1497ms)
			LoadAssemblies (97ms)
			RebuildTransferFunctionScriptingTraits (0ms)
			SetupTypeCache (344ms)
				TypeCache.Initialize (332ms)
					TypeCache.ScanAssembly (327ms)
				ResolveRequiredComponents (13ms)
			ReleaseScriptCaches (1ms)
			RebuildScriptCaches (70ms)
			SetupLoadedEditorAssemblies (929ms)
				LogAssemblyErrors (0ms)
				InitializePlatformSupportModulesInManaged (12ms)
				SetLoadedEditorAssemblies (8ms)
				RefreshPlugins (122ms)
				BeforeProcessingInitializeOnLoad (141ms)
				ProcessInitializeOnLoadAttributes (543ms)
				ProcessInitializeOnLoadMethodAttributes (88ms)
				AfterProcessingInitializeOnLoad (14ms)
				EditorAssembliesLoaded (0ms)
			ExecutionOrderSort2 (0ms)
			AwakeInstancesAfterBackupRestoration (7ms)
Platform modules already initialized, skipping
========================================================================
Worker process is ready to serve import requests
Launched and connected shader compiler UnityShaderCompiler.exe after 0.10 seconds
Refreshing native plugins compatible for Editor in 1.42 ms, found 3 plugins.
Preloading 0 native plugins for Editor in 0.00 ms.
Unloading 5334 Unused Serialized files (Serialized files now loaded: 0)
Unloading 36 unused Assets / (350.3 KB). Loaded Objects now: 5793.
Memory consumption went from 0.83 GB to 0.83 GB.
Total: 3.855700 ms (FindLiveObjects: 0.498100 ms CreateObjectMapping: 0.551300 ms MarkObjects: 2.655800 ms  DeleteObjects: 0.149700 ms)

AssetImportParameters requested are different than current active one (requested -> active):
  custom:video-decoder-ogg-theora: a1e56fd34408186e4bbccfd4996cb3dc -> 
  custom:container-muxer-webm: aa71ff27fc2769a1b78a27578f13a17b -> 
  custom:container-demuxer-webm: 4f35f7cbe854078d1ac9338744f61a02 -> 
  custom:video-encoder-webm-vp8: eb34c28f22e8b96e1ab97ce403110664 -> 
  custom:audio-encoder-webm-vorbis: bf7c407c2cedff20999df2af8eb42d56 -> 
  custom:framework-win-MediaFoundation: 216162199b28c13a410421893ffa2e32 -> 
  custom:container-demuxer-ogg: 62fdf1f143b41e24485cea50d1cbac27 -> 
  custom:video-decoder-webm-vp8: 9c59270c3fd7afecdb556c50c9e8de78 -> 
  custom:audio-decoder-ogg-vorbis: bf7c407c2cedff20999df2af8eb42d56 -> 
========================================================================
Received Import Request.
  Time since last request: 28240.577705 seconds.
  path: Assets/Sprites/frame_02_delay-0.04s.gif
  artifactKey: Guid(dddd1d799a68f51418b3fb7c5d5ada49) Importer(815301076,1909f56bfc062723c751e8b465ee728b)
Start importing Assets/Sprites/frame_02_delay-0.04s.gif using Guid(dddd1d799a68f51418b3fb7c5d5ada49) Importer(815301076,1909f56bfc062723c751e8b465ee728b)  -> (artifact id: '861b093cf322d19baf7b3561c91829e5') in 0.077487 seconds 
========================================================================
Received Import Request.
  Time since last request: 0.000021 seconds.
  path: Assets/Sprites/frame_18_delay-0.04s.gif
  artifactKey: Guid(40655dd741acd874e8ae2242aaddf194) Importer(815301076,1909f56bfc062723c751e8b465ee728b)
Start importing Assets/Sprites/frame_18_delay-0.04s.gif using Guid(40655dd741acd874e8ae2242aaddf194) Importer(815301076,1909f56bfc062723c751e8b465ee728b)  -> (artifact id: '8eab687d1b00e3540000a3a0306caa7c') in 0.012428 seconds 
========================================================================
Received Import Request.
  Time since last request: 0.000028 seconds.
  path: Assets/Sprites/frame_15_delay-0.04s.gif
  artifactKey: Guid(393ea77f8196e3c468d89476adb2c7fa) Importer(815301076,1909f56bfc062723c751e8b465ee728b)
Start importing Assets/Sprites/frame_15_delay-0.04s.gif using Guid(393ea77f8196e3c468d89476adb2c7fa) Importer(815301076,1909f56bfc062723c751e8b465ee728b)  -> (artifact id: '09ca2f3e972d5f7898e50f82e3d168c3') in 0.011652 seconds 
========================================================================
Received Import Request.
  Time since last request: 0.000018 seconds.
  path: Assets/Sprites/frame_04_delay-0.04s.gif
  artifactKey: Guid(2a02b657c37e47f47955fd0057cdfdf4) Importer(815301076,1909f56bfc062723c751e8b465ee728b)
Start importing Assets/Sprites/frame_04_delay-0.04s.gif using Guid(2a02b657c37e47f47955fd0057cdfdf4) Importer(815301076,1909f56bfc062723c751e8b465ee728b)  -> (artifact id: 'a9ccbe50ecdff4d5ff0fc61b294bac17') in 0.013669 seconds 
========================================================================
Received Import Request.
  Time since last request: 0.000024 seconds.
  path: Assets/Sprites/frame_16_delay-0.04s.gif
  artifactKey: Guid(3e19eddc9d758ee4d92506ebb2024648) Importer(815301076,1909f56bfc062723c751e8b465ee728b)
Start importing Assets/Sprites/frame_16_delay-0.04s.gif using Guid(3e19eddc9d758ee4d92506ebb2024648) Importer(815301076,1909f56bfc062723c751e8b465ee728b)  -> (artifact id: '0f4ac2ed93f14f69971e30958c80414d') in 0.012072 seconds 
========================================================================
Received Import Request.
  Time since last request: 0.000022 seconds.
  path: Assets/Sprites/frame_27_delay-0.04s.gif
  artifactKey: Guid(9114794864aa2e2448bf511ec517389c) Importer(815301076,1909f56bfc062723c751e8b465ee728b)
Start importing Assets/Sprites/frame_27_delay-0.04s.gif using Guid(9114794864aa2e2448bf511ec517389c) Importer(815301076,1909f56bfc062723c751e8b465ee728b)  -> (artifact id: '2b7acee9687afabb05ee258ceb273dfd') in 0.011062 seconds 
========================================================================
Received Import Request.
  Time since last request: 0.000019 seconds.
  path: Assets/Sprites/frame_21_delay-0.04s.gif
  artifactKey: Guid(f13199568728efd4ab8329cebeb06035) Importer(815301076,1909f56bfc062723c751e8b465ee728b)
Start importing Assets/Sprites/frame_21_delay-0.04s.gif using Guid(f13199568728efd4ab8329cebeb06035) Importer(815301076,1909f56bfc062723c751e8b465ee728b)  -> (artifact id: 'd17d387b3a932b4b2f5c778afe21f9f7') in 0.010802 seconds 
========================================================================
Received Import Request.
  Time since last request: 0.000022 seconds.
  path: Assets/Sprites/frame_17_delay-0.04s.gif
  artifactKey: Guid(cc0755761aea18b4ba6296fc8e5a70d6) Importer(815301076,1909f56bfc062723c751e8b465ee728b)
Start importing Assets/Sprites/frame_17_delay-0.04s.gif using Guid(cc0755761aea18b4ba6296fc8e5a70d6) Importer(815301076,1909f56bfc062723c751e8b465ee728b)  -> (artifact id: '0fecddf5c8d52b8d04adab409afc36b3') in 0.011283 seconds 
========================================================================
Received Import Request.
  Time since last request: 0.000024 seconds.
  path: Assets/Sprites/frame_24_delay-0.04s.gif
  artifactKey: Guid(447c21e5580b15b4a95945e1635fb100) Importer(815301076,1909f56bfc062723c751e8b465ee728b)
Start importing Assets/Sprites/frame_24_delay-0.04s.gif using Guid(447c21e5580b15b4a95945e1635fb100) Importer(815301076,1909f56bfc062723c751e8b465ee728b)  -> (artifact id: 'd5b7a738ad164e8dfb31ea3300ccde00') in 0.012856 seconds 
========================================================================
Received Prepare
Registering precompiled user dll's ...
Registered in 0.004761 seconds.
Begin MonoManager ReloadAssembly
Symbol file LoadedFromMemory doesn't match image D:\mult\multimetr\Library\PackageCache\com.unity.visualscripting@1.7.8\Editor\VisualScripting.Core\Dependencies\YamlDotNet\Unity.VisualScripting.YamlDotNet.dll
Symbol file LoadedFromMemory doesn't match image D:\mult\multimetr\Library\PackageCache\com.unity.visualscripting@1.7.8\Editor\VisualScripting.Core\Dependencies\DotNetZip\Unity.VisualScripting.IonicZip.dll
Native extension for WindowsStandalone target not found
Refreshing native plugins compatible for Editor in 0.94 ms, found 3 plugins.
Preloading 0 native plugins for Editor in 0.00 ms.
Mono: successfully reloaded assembly
- Completed reload, in  1.325 seconds
Domain Reload Profiling:
	ReloadAssembly (1325ms)
		BeginReloadAssembly (160ms)
			ExecutionOrderSort (0ms)
			DisableScriptedObjects (7ms)
			BackupInstance (0ms)
			ReleaseScriptingObjects (0ms)
			CreateAndSetChildDomain (40ms)
		EndReloadAssembly (1054ms)
			LoadAssemblies (114ms)
			RebuildTransferFunctionScriptingTraits (0ms)
			SetupTypeCache (328ms)
				TypeCache.Initialize (316ms)
					TypeCache.ScanAssembly (309ms)
				ResolveRequiredComponents (12ms)
			ReleaseScriptCaches (2ms)
			RebuildScriptCaches (55ms)
			SetupLoadedEditorAssemblies (499ms)
				LogAssemblyErrors (0ms)
				InitializePlatformSupportModulesInManaged (14ms)
				SetLoadedEditorAssemblies (7ms)
				RefreshPlugins (1ms)
				BeforeProcessingInitializeOnLoad (101ms)
				ProcessInitializeOnLoadAttributes (261ms)
				ProcessInitializeOnLoadMethodAttributes (99ms)
				AfterProcessingInitializeOnLoad (16ms)
				EditorAssembliesLoaded (0ms)
			ExecutionOrderSort2 (0ms)
			AwakeInstancesAfterBackupRestoration (11ms)
Platform modules already initialized, skipping
Refreshing native plugins compatible for Editor in 1.97 ms, found 3 plugins.
Preloading 0 native plugins for Editor in 0.00 ms.
Unloading 5185 Unused Serialized files (Serialized files now loaded: 0)
Unloading 25 unused Assets / (309.8 KB). Loaded Objects now: 5800.
Memory consumption went from 0.80 GB to 0.80 GB.
Total: 3.184600 ms (FindLiveObjects: 0.373100 ms CreateObjectMapping: 0.321900 ms MarkObjects: 2.423400 ms  DeleteObjects: 0.065300 ms)

AssetImportParameters requested are different than current active one (requested -> active):
  custom:video-decoder-ogg-theora: a1e56fd34408186e4bbccfd4996cb3dc -> 
  custom:container-muxer-webm: aa71ff27fc2769a1b78a27578f13a17b -> 
  custom:container-demuxer-webm: 4f35f7cbe854078d1ac9338744f61a02 -> 
  custom:video-encoder-webm-vp8: eb34c28f22e8b96e1ab97ce403110664 -> 
  custom:audio-encoder-webm-vorbis: bf7c407c2cedff20999df2af8eb42d56 -> 
  custom:framework-win-MediaFoundation: 216162199b28c13a410421893ffa2e32 -> 
  custom:container-demuxer-ogg: 62fdf1f143b41e24485cea50d1cbac27 -> 
  custom:video-decoder-webm-vp8: 9c59270c3fd7afecdb556c50c9e8de78 -> 
  custom:audio-decoder-ogg-vorbis: bf7c407c2cedff20999df2af8eb42d56 -> 
========================================================================
Received Import Request.
  Time since last request: 76.520635 seconds.
  path: Assets/Sprites/frame_01_delay-0.04s.gif
  artifactKey: Guid(d6fd199da244d8240aabaf63a70914fb) Importer(815301076,1909f56bfc062723c751e8b465ee728b)
Start importing Assets/Sprites/frame_01_delay-0.04s.gif using Guid(d6fd199da244d8240aabaf63a70914fb) Importer(815301076,1909f56bfc062723c751e8b465ee728b)  -> (artifact id: 'cb5083bed677127455495775640ee402') in 0.059871 seconds 
========================================================================
Received Import Request.
  Time since last request: 0.000023 seconds.
  path: Assets/Sprites/frame_29_delay-0.04s.gif
  artifactKey: Guid(772a024b08c32ea4c9b25fa04d482041) Importer(815301076,1909f56bfc062723c751e8b465ee728b)
Start importing Assets/Sprites/frame_29_delay-0.04s.gif using Guid(772a024b08c32ea4c9b25fa04d482041) Importer(815301076,1909f56bfc062723c751e8b465ee728b)  -> (artifact id: '6ef173b268810dce910eed240a54058e') in 0.028757 seconds 
========================================================================
Received Import Request.
  Time since last request: 0.000027 seconds.
  path: Assets/Sprites/frame_10_delay-0.04s.gif
  artifactKey: Guid(ee02613563a49eb4198f8c50ac0032d5) Importer(815301076,1909f56bfc062723c751e8b465ee728b)
Start importing Assets/Sprites/frame_10_delay-0.04s.gif using Guid(ee02613563a49eb4198f8c50ac0032d5) Importer(815301076,1909f56bfc062723c751e8b465ee728b)  -> (artifact id: '56a82054ca9eb239c95d9dddbc08eaa6') in 0.029061 seconds 
========================================================================
Received Import Request.
  Time since last request: 0.000026 seconds.
  path: Assets/Sprites/frame_18_delay-0.04s.gif
  artifactKey: Guid(40655dd741acd874e8ae2242aaddf194) Importer(815301076,1909f56bfc062723c751e8b465ee728b)
Start importing Assets/Sprites/frame_18_delay-0.04s.gif using Guid(40655dd741acd874e8ae2242aaddf194) Importer(815301076,1909f56bfc062723c751e8b465ee728b)  -> (artifact id: '47dec543968d5c82b4c27341f121aaac') in 0.025391 seconds 
========================================================================
Received Import Request.
  Time since last request: 0.000022 seconds.
  path: Assets/Sprites/frame_15_delay-0.04s.gif
  artifactKey: Guid(393ea77f8196e3c468d89476adb2c7fa) Importer(815301076,1909f56bfc062723c751e8b465ee728b)
Start importing Assets/Sprites/frame_15_delay-0.04s.gif using Guid(393ea77f8196e3c468d89476adb2c7fa) Importer(815301076,1909f56bfc062723c751e8b465ee728b)  -> (artifact id: '0296eaec09a154139f0a36322128cf61') in 0.010924 seconds 
========================================================================
Received Import Request.
  Time since last request: 0.000022 seconds.
  path: Assets/Sprites/frame_26_delay-0.04s.gif
  artifactKey: Guid(cd2850389bdc6de458adf80aadf1c5f0) Importer(815301076,1909f56bfc062723c751e8b465ee728b)
Start importing Assets/Sprites/frame_26_delay-0.04s.gif using Guid(cd2850389bdc6de458adf80aadf1c5f0) Importer(815301076,1909f56bfc062723c751e8b465ee728b)  -> (artifact id: '64f2bb0735a58e917d0e02a34a43c2a1') in 0.009842 seconds 
========================================================================
Received Import Request.
  Time since last request: 0.000031 seconds.
  path: Assets/Sprites/frame_20_delay-0.04s.gif
  artifactKey: Guid(80aaa7d8de7a8e540a36a0c3ea7fee61) Importer(815301076,1909f56bfc062723c751e8b465ee728b)
Start importing Assets/Sprites/frame_20_delay-0.04s.gif using Guid(80aaa7d8de7a8e540a36a0c3ea7fee61) Importer(815301076,1909f56bfc062723c751e8b465ee728b)  -> (artifact id: '3d7492ac4154e96680d4f11f4080f948') in 0.009656 seconds 
========================================================================
Received Import Request.
  Time since last request: 0.000021 seconds.
  path: Assets/Sprites/frame_06_delay-0.04s.gif
  artifactKey: Guid(72bfe7c7210a74c49b50bd69a9292e42) Importer(815301076,1909f56bfc062723c751e8b465ee728b)
Start importing Assets/Sprites/frame_06_delay-0.04s.gif using Guid(72bfe7c7210a74c49b50bd69a9292e42) Importer(815301076,1909f56bfc062723c751e8b465ee728b)  -> (artifact id: '6c95e9929d9f6d705622983d14e5d3ec') in 0.011496 seconds 
========================================================================
Received Import Request.
  Time since last request: 0.000023 seconds.
  path: Assets/Sprites/frame_23_delay-0.04s.gif
  artifactKey: Guid(9054887750a3ca3498634e0917ecaefa) Importer(815301076,1909f56bfc062723c751e8b465ee728b)
Start importing Assets/Sprites/frame_23_delay-0.04s.gif using Guid(9054887750a3ca3498634e0917ecaefa) Importer(815301076,1909f56bfc062723c751e8b465ee728b)  -> (artifact id: 'a13401a0e84f7cae6aa5980bfab96019') in 0.021064 seconds 
========================================================================
Received Import Request.
  Time since last request: 0.000029 seconds.
  path: Assets/Sprites/frame_13_delay-0.04s.gif
  artifactKey: Guid(58ba82f6da968804e8f7974a73b0e7f4) Importer(815301076,1909f56bfc062723c751e8b465ee728b)
Start importing Assets/Sprites/frame_13_delay-0.04s.gif using Guid(58ba82f6da968804e8f7974a73b0e7f4) Importer(815301076,1909f56bfc062723c751e8b465ee728b)  -> (artifact id: '0a1f10a0ced4665d412b2c21eecd6eca') in 0.013355 seconds 
========================================================================
Received Import Request.
  Time since last request: 0.000030 seconds.
  path: Assets/Sprites/frame_07_delay-0.04s.gif
  artifactKey: Guid(bef576087fed8a6478b957d9c747bfb7) Importer(815301076,1909f56bfc062723c751e8b465ee728b)
Start importing Assets/Sprites/frame_07_delay-0.04s.gif using Guid(bef576087fed8a6478b957d9c747bfb7) Importer(815301076,1909f56bfc062723c751e8b465ee728b)  -> (artifact id: '2c8e5cc3bfc6c3038e80bdf9ce231d0d') in 0.051724 seconds 
========================================================================
Received Import Request.
  Time since last request: 0.000046 seconds.
  path: Assets/Sprites/frame_28_delay-0.04s.gif
  artifactKey: Guid(d703364a3716abc4d93f39141fe02c7f) Importer(815301076,1909f56bfc062723c751e8b465ee728b)
Start importing Assets/Sprites/frame_28_delay-0.04s.gif using Guid(d703364a3716abc4d93f39141fe02c7f) Importer(815301076,1909f56bfc062723c751e8b465ee728b)  -> (artifact id: '2cc3164d95935e6272934b3bae9985ce') in 0.024501 seconds 
========================================================================
Received Import Request.
  Time since last request: 0.000035 seconds.
  path: Assets/Sprites/frame_17_delay-0.04s.gif
  artifactKey: Guid(cc0755761aea18b4ba6296fc8e5a70d6) Importer(815301076,1909f56bfc062723c751e8b465ee728b)
Start importing Assets/Sprites/frame_17_delay-0.04s.gif using Guid(cc0755761aea18b4ba6296fc8e5a70d6) Importer(815301076,1909f56bfc062723c751e8b465ee728b)  -> (artifact id: '86b583687662ad377c547f8d2db0a635') in 0.025982 seconds 
========================================================================
Received Import Request.
  Time since last request: 0.000036 seconds.
  path: Assets/Sprites/frame_02_delay-0.04s.gif
  artifactKey: Guid(dddd1d799a68f51418b3fb7c5d5ada49) Importer(815301076,1909f56bfc062723c751e8b465ee728b)
Start importing Assets/Sprites/frame_02_delay-0.04s.gif using Guid(dddd1d799a68f51418b3fb7c5d5ada49) Importer(815301076,1909f56bfc062723c751e8b465ee728b)  -> (artifact id: '140d5a92c08eb6b09162560d21583a76') in 0.016673 seconds 
========================================================================
Received Import Request.
  Time since last request: 0.000026 seconds.
  path: Assets/Sprites/frame_22_delay-0.04s.gif
  artifactKey: Guid(cff3b552f0a984044a13930bde199dde) Importer(815301076,1909f56bfc062723c751e8b465ee728b)
Start importing Assets/Sprites/frame_22_delay-0.04s.gif using Guid(cff3b552f0a984044a13930bde199dde) Importer(815301076,1909f56bfc062723c751e8b465ee728b)  -> (artifact id: '09f62ca43172d0fc5731df4a807aaf75') in 0.011879 seconds 
Editor requested this worker to shutdown with reason: Scaling down because of idle timeout
AssetImportWorker is now disconnected from the server
Process exiting
Exiting without the bug reporter. Application will terminate with return code 0